<?xml version="1.0" encoding="UTF-8"?>
<!-- Generated by org.testng.reporters.JUnitReportReporter -->
<testsuite hostname="AISWARYA" failures="0" tests="1" name="Automation.PassengerCountTest" time="4.633" errors="0" timestamp="2025-04-16T19:04:21 EDT" skipped="0">
  <testcase classname="Automation.PassengerCountTest" name="updatePassengerCount" time="4.633"/>
</testsuite> <!-- Automation.PassengerCountTest -->
