<?xml version="1.0" encoding="UTF-8"?>
<!-- Generated by org.testng.reporters.JUnitReportReporter -->
<testsuite hostname="AISWARYA" failures="0" tests="1" name="Automation.InvalidCityTest" time="3.146" errors="0" timestamp="2025-04-16T18:54:38 EDT" skipped="0">
  <testcase classname="Automation.InvalidCityTest" name="testInvalidToCitySuggestion" time="3.146"/>
</testsuite> <!-- Automation.InvalidCityTest -->
