<?xml version="1.0" encoding="UTF-8"?>
<!-- Generated by org.testng.reporters.JUnitReportReporter -->
<testsuite hostname="AISWARYA" failures="0" tests="1" name="Automation.RoundTripPassengerTest" time="18.076" errors="0" timestamp="2025-04-15T19:36:14 EDT" skipped="0">
  <testcase classname="Automation.RoundTripPassengerTest" name="searchFlight" time="18.076"/>
</testsuite> <!-- Automation.RoundTripPassengerTest -->
