<?xml version="1.0" encoding="UTF-8"?>
<!-- Generated by org.testng.reporters.JUnitReportReporter -->
<testsuite hostname="AISWARYA" failures="0" tests="1" name="Automation.SortByPriceTest" time="19.659" errors="0" timestamp="2025-04-15T19:56:31 EDT" skipped="0">
  <testcase classname="Automation.SortByPriceTest" name="sortByPriceTest" time="19.659"/>
</testsuite> <!-- Automation.SortByPriceTest -->
