<?xml version="1.0" encoding="UTF-8"?>
<!-- Generated by org.testng.reporters.JUnitReportReporter -->
<testsuite hostname="AISWARYA" failures="0" tests="1" name="Automation.CompareFlightPricesTest" time="20.502" errors="0" timestamp="2025-04-16T18:38:09 EDT" skipped="0">
  <testcase classname="Automation.CompareFlightPricesTest" name="extractFlightNumbersOnly" time="20.502"/>
</testsuite> <!-- Automation.CompareFlightPricesTest -->
