<?xml version="1.0" encoding="UTF-8"?>
<!-- Generated by org.testng.reporters.JUnitReportReporter -->
<testsuite hostname="AISWARYA" failures="0" tests="1" name="Automation.FlightSearchTest" time="15.456" errors="0" timestamp="2025-04-15T18:34:33 EDT" skipped="0">
  <testcase classname="Automation.FlightSearchTest" name="searchFlight" time="15.456"/>
</testsuite> <!-- Automation.FlightSearchTest -->
